2022-05-08 11:53:04,642-64900-INFO-
2022-05-08 11:53:04,642-64900-INFO-Inicia busqueda de imagenes cristiano ronaldo
2022-05-08 11:53:04,642-64900-INFO-Imagenes descargadas
2022-05-08 11:53:04,643-64900-WARNING-Ya existe la carpeta data
2022-05-08 11:53:09,286-64900-INFO-Se crea la carpeta metadata
2022-05-08 11:53:09,287-64900-INFO-Se obtienen los metadatos de data/cristiano ronaldo/images/Image_1.jpg
2022-05-08 11:53:09,288-64900-WARNING-No se obtuvieron los metadatos de data/cristiano ronaldo/images/Image_1.jpg
2022-05-08 11:53:09,289-64900-INFO-Se obtienen los metadatos de data/cristiano ronaldo/images/Image_2.jpg
2022-05-08 11:53:09,290-64900-WARNING-No se obtuvieron los metadatos de data/cristiano ronaldo/images/Image_2.jpg
2022-05-08 11:53:09,296-64900-INFO-Se obtienen los metadatos de data/cristiano ronaldo/images/Image_3.jpg
2022-05-08 11:53:09,296-64900-WARNING-No se obtuvieron los metadatos de data/cristiano ronaldo/images/Image_3.jpg
2022-05-08 11:53:09,297-64900-INFO-Se obtienen los metadatos de data/cristiano ronaldo/images/Image_4.jpg
2022-05-08 11:53:09,297-64900-WARNING-No se obtuvieron los metadatos de data/cristiano ronaldo/images/Image_4.jpg
2022-05-08 11:53:09,297-64900-INFO-Se obtienen los metadatos de data/cristiano ronaldo/images/Image_5.jpg
2022-05-08 11:53:09,298-64900-WARNING-No se obtuvieron los metadatos de data/cristiano ronaldo/images/Image_5.jpg
2022-05-08 11:53:09,298-64900-WARNING-No se econtraron metadatos de las imagenes
2022-05-08 11:53:09,298-64900-WARNING-No se enviará el correo
2022-05-08 11:54:37,575-16536-INFO-
2022-05-08 11:54:37,575-16536-INFO-Inicia busqueda de imagenes neymar
2022-05-08 11:54:37,575-16536-INFO-Imagenes descargadas
2022-05-08 11:54:37,576-16536-WARNING-Ya existe la carpeta data
2022-05-08 11:54:39,711-16536-INFO-Se crea la carpeta metadata
2022-05-08 11:54:39,711-16536-INFO-Se obtienen los metadatos de data/neymar/images/Image_1.jpg
2022-05-08 11:54:39,712-16536-INFO-Se crea el archivo de metadatos Image_1.txt
2022-05-08 11:54:39,712-16536-INFO-Se obtienen los metadatos de data/neymar/images/Image_2.jpg
2022-05-08 11:54:39,713-16536-WARNING-No se obtuvieron los metadatos de data/neymar/images/Image_2.jpg
2022-05-08 11:54:39,713-16536-INFO-Se obtienen los metadatos de data/neymar/images/Image_3.jpg
2022-05-08 11:54:39,715-16536-INFO-Se crea el archivo de metadatos Image_3.txt
2022-05-08 11:54:39,715-16536-INFO-Se obtienen los metadatos de data/neymar/images/Image_4.jpg
2022-05-08 11:54:39,716-16536-WARNING-No se obtuvieron los metadatos de data/neymar/images/Image_4.jpg
2022-05-08 11:54:39,716-16536-INFO-Se obtienen los metadatos de data/neymar/images/Image_5.jpg
2022-05-08 11:54:39,717-16536-WARNING-No se obtuvieron los metadatos de data/neymar/images/Image_5.jpg
2022-05-08 11:54:42,492-16536-INFO-Se enviaron los archivos de metadatos al correo patricia.hernandezca@uanl.edu.mx
2022-05-08 11:58:16,622-9668-INFO-
2022-05-08 11:58:16,622-9668-INFO-Inicia busqueda de imagenes cr7
2022-05-08 11:58:16,622-9668-INFO-Imagenes descargadas
2022-05-08 11:58:16,622-9668-WARNING-Ya existe la carpeta data
2022-05-08 11:58:19,645-9668-INFO-Se crea la carpeta metadata
2022-05-08 11:58:19,646-9668-INFO-Se obtienen los metadatos de data/cr7/images/Image_1.jpg
2022-05-08 11:58:19,646-9668-WARNING-No se obtuvieron los metadatos de data/cr7/images/Image_1.jpg
2022-05-08 11:58:19,647-9668-INFO-Se obtienen los metadatos de data/cr7/images/Image_2.jpg
2022-05-08 11:58:19,647-9668-INFO-Se crea el archivo de metadatos Image_2.txt
2022-05-08 11:58:19,648-9668-INFO-Se obtienen los metadatos de data/cr7/images/Image_3.jpg
2022-05-08 11:58:19,648-9668-WARNING-No se obtuvieron los metadatos de data/cr7/images/Image_3.jpg
2022-05-08 11:58:19,649-9668-INFO-Se obtienen los metadatos de data/cr7/images/Image_4.jpg
2022-05-08 11:58:19,649-9668-WARNING-No se obtuvieron los metadatos de data/cr7/images/Image_4.jpg
2022-05-08 11:58:19,650-9668-INFO-Se obtienen los metadatos de data/cr7/images/Image_5.jpg
2022-05-08 11:58:19,650-9668-WARNING-No se obtuvieron los metadatos de data/cr7/images/Image_5.jpg
2022-05-08 11:58:21,319-9668-INFO-Se enviaron los archivos de metadatos al correo patricia.hernandezca@uanl.edu.mx
